<?xml version="1.0" encoding="UTF-8"?>
<!-- Generated by org.testng.reporters.JUnitReportReporter -->
<testsuite skipped="0" hostname="DESKTOP-488FP15" name="basic.Demo" tests="1" failures="0" timestamp="2019-12-21T10:49:27 IST" time="12.251" errors="0">
  <testcase name="testA" time="12.251" classname="basic.Demo"/>
</testsuite> <!-- basic.Demo -->
