<?xml version="1.0" encoding="UTF-8"?>
<!-- Generated by org.testng.reporters.JUnitReportReporter -->
<testsuite skipped="0" hostname="DESKTOP-488FP15" name="svg.SvgDemo" tests="1" failures="0" timestamp="2019-12-14T09:44:48 IST" time="34.747" errors="0">
  <testcase name="testA" time="34.747" classname="svg.SvgDemo"/>
</testsuite> <!-- svg.SvgDemo -->
