<?xml version="1.0" encoding="UTF-8"?>
<!-- Generated by org.testng.reporters.JUnitReportReporter -->
<testsuite skipped="0" hostname="DESKTOP-488FP15" name="links.Demo3" tests="1" failures="0" timestamp="2019-12-21T08:50:05 IST" time="133.753" errors="0">
  <testcase name="testA" time="133.753" classname="links.Demo3"/>
</testsuite> <!-- links.Demo3 -->
