<?xml version="1.0" encoding="UTF-8"?>
<!-- Generated by org.testng.reporters.JUnitReportReporter -->
<testsuite skipped="0" hostname="DESKTOP-488FP15" name="links.Demo4" tests="1" failures="0" timestamp="2019-12-21T08:56:39 IST" time="6.379" errors="0">
  <testcase name="testA" time="6.379" classname="links.Demo4"/>
</testsuite> <!-- links.Demo4 -->
