<?xml version="1.0" encoding="UTF-8"?>
<!-- Generated by org.testng.reporters.JUnitReportReporter -->
<testsuite skipped="0" hostname="DESKTOP-488FP15" name="listers.Demo" tests="2" failures="0" timestamp="2020-01-04T08:26:44 IST" time="0.000" errors="0">
  <testcase name="testA" time="0.000" classname="listers.Demo"/>
  <testcase name="testB" time="0.000" classname="listers.Demo"/>
</testsuite> <!-- listers.Demo -->
