<?xml version="1.0" encoding="UTF-8"?>
<!-- Generated by org.testng.reporters.JUnitReportReporter -->
<testsuite skipped="0" hostname="DESKTOP-488FP15" name="Demo" tests="1" failures="0" timestamp="2019-12-14T09:27:51 IST" time="18.801" errors="0">
  <testcase name="testA" time="18.801" classname="Demo"/>
</testsuite> <!-- Demo -->
