<?xml version="1.0" encoding="UTF-8"?>
<!-- Generated by org.testng.reporters.JUnitReportReporter -->
<testsuite skipped="0" hostname="DESKTOP-488FP15" name="links.Demo3" tests="1" failures="0" timestamp="2019-12-15T11:03:51 IST" time="81.128" errors="0">
  <testcase name="testA" time="81.128" classname="links.Demo3"/>
</testsuite> <!-- links.Demo3 -->
