<?xml version="1.0" encoding="UTF-8"?>
<!-- Generated by org.testng.reporters.JUnitReportReporter -->
<testsuite skipped="0" hostname="DESKTOP-488FP15" name="links.Demo" tests="1" failures="0" timestamp="2019-12-15T09:20:09 IST" time="1.568" errors="0">
  <testcase name="testA" time="1.568" classname="links.Demo"/>
</testsuite> <!-- links.Demo -->
