<?xml version="1.0" encoding="UTF-8"?>
<!-- Generated by org.testng.reporters.JUnitReportReporter -->
<testsuite skipped="0" hostname="DESKTOP-488FP15" name="headless.Demo1" tests="1" failures="0" timestamp="2019-12-22T11:11:30 IST" time="6.603" errors="0">
  <testcase name="testA" time="6.603" classname="headless.Demo1"/>
</testsuite> <!-- headless.Demo1 -->
