<?xml version="1.0" encoding="UTF-8"?>
<!-- Generated by org.testng.reporters.JUnitReportReporter -->
<testsuite skipped="0" hostname="DESKTOP-488FP15" name="svg.SvgDemo2" tests="1" failures="0" timestamp="2019-12-14T10:05:03 IST" time="5.441" errors="0">
  <testcase name="testA" time="5.441" classname="svg.SvgDemo2"/>
</testsuite> <!-- svg.SvgDemo2 -->
