<?xml version="1.0" encoding="UTF-8"?>
<!-- Generated by org.testng.reporters.JUnitReportReporter -->
<testsuite skipped="0" hostname="DESKTOP-488FP15" name="basic.Demo1" tests="1" failures="0" timestamp="2019-12-22T09:51:12 IST" time="17.594" errors="0">
  <testcase name="testA" time="17.594" classname="basic.Demo1"/>
</testsuite> <!-- basic.Demo1 -->
