<?xml version="1.0" encoding="UTF-8"?>
<!-- Generated by org.testng.reporters.JUnitReportReporter -->
<testsuite skipped="0" hostname="DESKTOP-488FP15" name="basic.Demo1" tests="1" failures="0" timestamp="2019-12-28T08:31:01 IST" time="23.967" errors="0">
  <testcase name="testA" time="23.967" classname="basic.Demo1"/>
</testsuite> <!-- basic.Demo1 -->
