<?xml version="1.0" encoding="UTF-8"?>
<!-- Generated by org.testng.reporters.JUnitReportReporter -->
<testsuite skipped="0" hostname="DESKTOP-488FP15" name="links.Demo6" tests="1" failures="0" timestamp="2019-12-22T08:47:00 IST" time="7.031" errors="0">
  <testcase name="testA" time="7.031" classname="links.Demo6"/>
</testsuite> <!-- links.Demo6 -->
