<?xml version="1.0" encoding="UTF-8"?>
<!-- Generated by org.testng.reporters.JUnitReportReporter -->
<testsuite skipped="0" hostname="DESKTOP-488FP15" name="demo.Demo" tests="1" failures="0" timestamp="2019-12-08T09:53:49 IST" time="24.241" errors="0">
  <testcase name="testA" time="24.241" classname="demo.Demo"/>
</testsuite> <!-- demo.Demo -->
