<?xml version="1.0" encoding="UTF-8"?>
<!-- Generated by org.testng.reporters.JUnitReportReporter -->
<testsuite skipped="0" hostname="DESKTOP-488FP15" name="testData.DemoDb" tests="1" failures="0" timestamp="2019-12-29T08:29:59 IST" time="0.305" errors="0">
  <testcase name="testA" time="0.305" classname="testData.DemoDb"/>
</testsuite> <!-- testData.DemoDb -->
