<?xml version="1.0" encoding="UTF-8"?>
<!-- Generated by org.testng.reporters.JUnitReportReporter -->
<testsuite skipped="0" hostname="DESKTOP-488FP15" name="headless.Demo3" tests="1" failures="0" timestamp="2019-12-28T08:48:22 IST" time="11.190" errors="0">
  <testcase name="testA" time="11.190" classname="headless.Demo3"/>
</testsuite> <!-- headless.Demo3 -->
