<?xml version="1.0" encoding="UTF-8"?>
<!-- Generated by org.testng.reporters.JUnitReportReporter -->
<testsuite skipped="0" hostname="DESKTOP-488FP15" name="links.Demo5" tests="1" failures="0" timestamp="2019-12-21T09:54:58 IST" time="1.094" errors="0">
  <testcase name="testA" time="1.094" classname="links.Demo5"/>
</testsuite> <!-- links.Demo5 -->
