<?xml version="1.0" encoding="UTF-8"?>
<!-- Generated by org.testng.reporters.JUnitReportReporter -->
<testsuite skipped="0" hostname="DESKTOP-488FP15" name="listers.DemoC" tests="1" failures="0" timestamp="2020-01-04T08:26:44 IST" time="0.016" errors="0">
  <testcase name="testC" time="0.016" classname="listers.DemoC"/>
</testsuite> <!-- listers.DemoC -->
