<?xml version="1.0" encoding="UTF-8"?>
<!-- Generated by org.testng.reporters.JUnitReportReporter -->
<testsuite skipped="0" hostname="DESKTOP-488FP15" name="basic.Demo2" tests="1" failures="0" timestamp="2020-01-04T09:22:46 IST" time="36.204" errors="0">
  <testcase name="testA" time="36.204" classname="basic.Demo2"/>
</testsuite> <!-- basic.Demo2 -->
