<?xml version="1.0" encoding="UTF-8"?>
<!-- Generated by org.testng.reporters.JUnitReportReporter -->
<testsuite skipped="0" hostname="DESKTOP-488FP15" name="headless.Demo" tests="1" failures="0" timestamp="2019-12-22T11:12:24 IST" time="11.795" errors="0">
  <testcase name="testA" time="11.795" classname="headless.Demo"/>
</testsuite> <!-- headless.Demo -->
