<?xml version="1.0" encoding="UTF-8"?>
<!-- Generated by org.testng.reporters.JUnitReportReporter -->
<testsuite skipped="0" hostname="DESKTOP-488FP15" name="links.Demo1" tests="1" failures="0" timestamp="2019-12-15T09:28:58 IST" time="1.145" errors="0">
  <testcase name="testA" time="1.145" classname="links.Demo1"/>
</testsuite> <!-- links.Demo1 -->
