<?xml version="1.0" encoding="UTF-8"?>
<!-- Generated by org.testng.reporters.JUnitReportReporter -->
<testsuite skipped="0" hostname="DESKTOP-488FP15" name="headless.Demo4" tests="1" failures="0" timestamp="2019-12-28T09:00:16 IST" time="7.290" errors="0">
  <testcase name="testA" time="7.290" classname="headless.Demo4"/>
</testsuite> <!-- headless.Demo4 -->
